CRITICAL - 2025-05-29 12:51:50 --> Error: Undefined constant "CodeIgniter\Database\MySQLi\MYSQLI_STORE_RESULT"
[Method: GET, Route: news]
in SYSTEMPATH\Database\Database.php on line 143.
 1 SYSTEMPATH\Database\Database.php(61): CodeIgniter\Database\Database->initDriver()
 2 SYSTEMPATH\Database\Config.php(82): CodeIgniter\Database\Database->load()
 3 SYSTEMPATH\Model.php(155): CodeIgniter\Database\Config::connect()
 4 SYSTEMPATH\Config\Factories.php(236): CodeIgniter\Model->__construct()
 5 SYSTEMPATH\Config\Factories.php(170): CodeIgniter\Config\Factories::createInstance()
 6 SYSTEMPATH\Common.php(804): CodeIgniter\Config\Factories::__callStatic()
 7 APPPATH\Controllers\News.php(12): model()
 8 SYSTEMPATH\CodeIgniter.php(933): App\Controllers\News->index()
 9 SYSTEMPATH\CodeIgniter.php(507): CodeIgniter\CodeIgniter->runController()
10 SYSTEMPATH\CodeIgniter.php(354): CodeIgniter\CodeIgniter->handleRequest()
11 SYSTEMPATH\Boot.php(334): CodeIgniter\CodeIgniter->run()
12 SYSTEMPATH\Boot.php(67): CodeIgniter\Boot::runCodeIgniter()
13 FCPATH\index.php(59): CodeIgniter\Boot::bootWeb()
14 SYSTEMPATH\rewrite.php(44): require_once('C:\\Users\\Pc\\Desktop\\Interview projects\\ci-news\\public\\index.php')
CRITICAL - 2025-05-29 12:57:44 --> Error: Undefined constant "CodeIgniter\Database\MySQLi\MYSQLI_STORE_RESULT"
[Method: GET, Route: news]
in SYSTEMPATH\Database\Database.php on line 143.
 1 SYSTEMPATH\Database\Database.php(61): CodeIgniter\Database\Database->initDriver()
 2 SYSTEMPATH\Database\Config.php(82): CodeIgniter\Database\Database->load()
 3 SYSTEMPATH\Model.php(155): CodeIgniter\Database\Config::connect()
 4 SYSTEMPATH\Config\Factories.php(236): CodeIgniter\Model->__construct()
 5 SYSTEMPATH\Config\Factories.php(170): CodeIgniter\Config\Factories::createInstance()
 6 SYSTEMPATH\Common.php(804): CodeIgniter\Config\Factories::__callStatic()
 7 APPPATH\Controllers\News.php(12): model()
 8 SYSTEMPATH\CodeIgniter.php(933): App\Controllers\News->index()
 9 SYSTEMPATH\CodeIgniter.php(507): CodeIgniter\CodeIgniter->runController()
10 SYSTEMPATH\CodeIgniter.php(354): CodeIgniter\CodeIgniter->handleRequest()
11 SYSTEMPATH\Boot.php(334): CodeIgniter\CodeIgniter->run()
12 SYSTEMPATH\Boot.php(67): CodeIgniter\Boot::runCodeIgniter()
13 FCPATH\index.php(59): CodeIgniter\Boot::bootWeb()
14 SYSTEMPATH\rewrite.php(44): require_once('C:\\Users\\Pc\\Desktop\\Interview projects\\ci-news\\public\\index.php')
CRITICAL - 2025-05-29 12:57:46 --> Error: Undefined constant "CodeIgniter\Database\MySQLi\MYSQLI_STORE_RESULT"
[Method: GET, Route: news]
in SYSTEMPATH\Database\Database.php on line 143.
 1 SYSTEMPATH\Database\Database.php(61): CodeIgniter\Database\Database->initDriver()
 2 SYSTEMPATH\Database\Config.php(82): CodeIgniter\Database\Database->load()
 3 SYSTEMPATH\Model.php(155): CodeIgniter\Database\Config::connect()
 4 SYSTEMPATH\Config\Factories.php(236): CodeIgniter\Model->__construct()
 5 SYSTEMPATH\Config\Factories.php(170): CodeIgniter\Config\Factories::createInstance()
 6 SYSTEMPATH\Common.php(804): CodeIgniter\Config\Factories::__callStatic()
 7 APPPATH\Controllers\News.php(12): model()
 8 SYSTEMPATH\CodeIgniter.php(933): App\Controllers\News->index()
 9 SYSTEMPATH\CodeIgniter.php(507): CodeIgniter\CodeIgniter->runController()
10 SYSTEMPATH\CodeIgniter.php(354): CodeIgniter\CodeIgniter->handleRequest()
11 SYSTEMPATH\Boot.php(334): CodeIgniter\CodeIgniter->run()
12 SYSTEMPATH\Boot.php(67): CodeIgniter\Boot::runCodeIgniter()
13 FCPATH\index.php(59): CodeIgniter\Boot::bootWeb()
14 SYSTEMPATH\rewrite.php(44): require_once('C:\\Users\\Pc\\Desktop\\Interview projects\\ci-news\\public\\index.php')
ERROR - 2025-05-29 12:58:03 --> Error connecting to the database: mysqli_sql_exception: Access denied for user 'root'@'localhost' (using password: NO) in C:\Users\Pc\Desktop\Interview projects\ci-news\vendor\codeigniter4\framework\system\Database\MySQLi\Connection.php:201
Stack trace:
#0 C:\Users\Pc\Desktop\Interview projects\ci-news\vendor\codeigniter4\framework\system\Database\MySQLi\Connection.php(201): mysqli->real_connect()
#1 C:\Users\Pc\Desktop\Interview projects\ci-news\vendor\codeigniter4\framework\system\Database\BaseConnection.php(421): CodeIgniter\Database\MySQLi\Connection->connect()
#2 C:\Users\Pc\Desktop\Interview projects\ci-news\vendor\codeigniter4\framework\system\Database\BaseConnection.php(620): CodeIgniter\Database\BaseConnection->initialize()
#3 C:\Users\Pc\Desktop\Interview projects\ci-news\vendor\codeigniter4\framework\system\Database\BaseBuilder.php(1649): CodeIgniter\Database\BaseConnection->query()
#4 C:\Users\Pc\Desktop\Interview projects\ci-news\vendor\codeigniter4\framework\system\Model.php(286): CodeIgniter\Database\BaseBuilder->get()
#5 C:\Users\Pc\Desktop\Interview projects\ci-news\vendor\codeigniter4\framework\system\BaseModel.php(679): CodeIgniter\Model->doFindAll()
#6 C:\Users\Pc\Desktop\Interview projects\ci-news\app\Models\NewsModel.php(19): CodeIgniter\BaseModel->findAll()
#7 C:\Users\Pc\Desktop\Interview projects\ci-news\app\Controllers\News.php(15): App\Models\NewsModel->getNews()
#8 C:\Users\Pc\Desktop\Interview projects\ci-news\vendor\codeigniter4\framework\system\CodeIgniter.php(933): App\Controllers\News->index()
#9 C:\Users\Pc\Desktop\Interview projects\ci-news\vendor\codeigniter4\framework\system\CodeIgniter.php(507): CodeIgniter\CodeIgniter->runController()
#10 C:\Users\Pc\Desktop\Interview projects\ci-news\vendor\codeigniter4\framework\system\CodeIgniter.php(354): CodeIgniter\CodeIgniter->handleRequest()
#11 C:\Users\Pc\Desktop\Interview projects\ci-news\vendor\codeigniter4\framework\system\Boot.php(334): CodeIgniter\CodeIgniter->run()
#12 C:\Users\Pc\Desktop\Interview projects\ci-news\vendor\codeigniter4\framework\system\Boot.php(67): CodeIgniter\Boot::runCodeIgniter()
#13 C:\Users\Pc\Desktop\Interview projects\ci-news\public\index.php(59): CodeIgniter\Boot::bootWeb()
#14 C:\Users\Pc\Desktop\Interview projects\ci-news\vendor\codeigniter4\framework\system\rewrite.php(44): require_once('...')
#15 {main}

Next CodeIgniter\Database\Exceptions\DatabaseException: Access denied for user '****'@'localhost' (using password: NO) in C:\Users\Pc\Desktop\Interview projects\ci-news\vendor\codeigniter4\framework\system\Database\MySQLi\Connection.php:246
Stack trace:
#0 C:\Users\Pc\Desktop\Interview projects\ci-news\vendor\codeigniter4\framework\system\Database\BaseConnection.php(421): CodeIgniter\Database\MySQLi\Connection->connect()
#1 C:\Users\Pc\Desktop\Interview projects\ci-news\vendor\codeigniter4\framework\system\Database\BaseConnection.php(620): CodeIgniter\Database\BaseConnection->initialize()
#2 C:\Users\Pc\Desktop\Interview projects\ci-news\vendor\codeigniter4\framework\system\Database\BaseBuilder.php(1649): CodeIgniter\Database\BaseConnection->query()
#3 C:\Users\Pc\Desktop\Interview projects\ci-news\vendor\codeigniter4\framework\system\Model.php(286): CodeIgniter\Database\BaseBuilder->get()
#4 C:\Users\Pc\Desktop\Interview projects\ci-news\vendor\codeigniter4\framework\system\BaseModel.php(679): CodeIgniter\Model->doFindAll()
#5 C:\Users\Pc\Desktop\Interview projects\ci-news\app\Models\NewsModel.php(19): CodeIgniter\BaseModel->findAll()
#6 C:\Users\Pc\Desktop\Interview projects\ci-news\app\Controllers\News.php(15): App\Models\NewsModel->getNews()
#7 C:\Users\Pc\Desktop\Interview projects\ci-news\vendor\codeigniter4\framework\system\CodeIgniter.php(933): App\Controllers\News->index()
#8 C:\Users\Pc\Desktop\Interview projects\ci-news\vendor\codeigniter4\framework\system\CodeIgniter.php(507): CodeIgniter\CodeIgniter->runController()
#9 C:\Users\Pc\Desktop\Interview projects\ci-news\vendor\codeigniter4\framework\system\CodeIgniter.php(354): CodeIgniter\CodeIgniter->handleRequest()
#10 C:\Users\Pc\Desktop\Interview projects\ci-news\vendor\codeigniter4\framework\system\Boot.php(334): CodeIgniter\CodeIgniter->run()
#11 C:\Users\Pc\Desktop\Interview projects\ci-news\vendor\codeigniter4\framework\system\Boot.php(67): CodeIgniter\Boot::runCodeIgniter()
#12 C:\Users\Pc\Desktop\Interview projects\ci-news\public\index.php(59): CodeIgniter\Boot::bootWeb()
#13 C:\Users\Pc\Desktop\Interview projects\ci-news\vendor\codeigniter4\framework\system\rewrite.php(44): require_once('...')
#14 {main}
CRITICAL - 2025-05-29 12:58:03 --> CodeIgniter\Database\Exceptions\DatabaseException: Unable to connect to the database.
Main connection [MySQLi]: Access denied for user '****'@'localhost' (using password: NO)
[Method: GET, Route: news]
in SYSTEMPATH\Database\BaseConnection.php on line 467.
 1 SYSTEMPATH\Database\BaseConnection.php(620): CodeIgniter\Database\BaseConnection->initialize()
 2 SYSTEMPATH\Database\BaseBuilder.php(1649): CodeIgniter\Database\BaseConnection->query()
 3 SYSTEMPATH\Model.php(286): CodeIgniter\Database\BaseBuilder->get()
 4 SYSTEMPATH\BaseModel.php(679): CodeIgniter\Model->doFindAll()
 5 APPPATH\Models\NewsModel.php(19): CodeIgniter\BaseModel->findAll()
 6 APPPATH\Controllers\News.php(15): App\Models\NewsModel->getNews()
 7 SYSTEMPATH\CodeIgniter.php(933): App\Controllers\News->index()
 8 SYSTEMPATH\CodeIgniter.php(507): CodeIgniter\CodeIgniter->runController()
 9 SYSTEMPATH\CodeIgniter.php(354): CodeIgniter\CodeIgniter->handleRequest()
10 SYSTEMPATH\Boot.php(334): CodeIgniter\CodeIgniter->run()
11 SYSTEMPATH\Boot.php(67): CodeIgniter\Boot::runCodeIgniter()
12 FCPATH\index.php(59): CodeIgniter\Boot::bootWeb()
13 SYSTEMPATH\rewrite.php(44): require_once('C:\\Users\\Pc\\Desktop\\Interview projects\\ci-news\\public\\index.php')
ERROR - 2025-05-29 13:00:59 --> Error connecting to the database: mysqli_sql_exception: Access denied for user 'root'@'localhost' (using password: YES) in C:\Users\Pc\Desktop\Interview projects\ci-news\vendor\codeigniter4\framework\system\Database\MySQLi\Connection.php:201
Stack trace:
#0 C:\Users\Pc\Desktop\Interview projects\ci-news\vendor\codeigniter4\framework\system\Database\MySQLi\Connection.php(201): mysqli->real_connect()
#1 C:\Users\Pc\Desktop\Interview projects\ci-news\vendor\codeigniter4\framework\system\Database\BaseConnection.php(421): CodeIgniter\Database\MySQLi\Connection->connect()
#2 C:\Users\Pc\Desktop\Interview projects\ci-news\vendor\codeigniter4\framework\system\Database\BaseConnection.php(620): CodeIgniter\Database\BaseConnection->initialize()
#3 C:\Users\Pc\Desktop\Interview projects\ci-news\vendor\codeigniter4\framework\system\Database\BaseBuilder.php(1649): CodeIgniter\Database\BaseConnection->query()
#4 C:\Users\Pc\Desktop\Interview projects\ci-news\vendor\codeigniter4\framework\system\Model.php(286): CodeIgniter\Database\BaseBuilder->get()
#5 C:\Users\Pc\Desktop\Interview projects\ci-news\vendor\codeigniter4\framework\system\BaseModel.php(679): CodeIgniter\Model->doFindAll()
#6 C:\Users\Pc\Desktop\Interview projects\ci-news\app\Models\NewsModel.php(19): CodeIgniter\BaseModel->findAll()
#7 C:\Users\Pc\Desktop\Interview projects\ci-news\app\Controllers\News.php(15): App\Models\NewsModel->getNews()
#8 C:\Users\Pc\Desktop\Interview projects\ci-news\vendor\codeigniter4\framework\system\CodeIgniter.php(933): App\Controllers\News->index()
#9 C:\Users\Pc\Desktop\Interview projects\ci-news\vendor\codeigniter4\framework\system\CodeIgniter.php(507): CodeIgniter\CodeIgniter->runController()
#10 C:\Users\Pc\Desktop\Interview projects\ci-news\vendor\codeigniter4\framework\system\CodeIgniter.php(354): CodeIgniter\CodeIgniter->handleRequest()
#11 C:\Users\Pc\Desktop\Interview projects\ci-news\vendor\codeigniter4\framework\system\Boot.php(334): CodeIgniter\CodeIgniter->run()
#12 C:\Users\Pc\Desktop\Interview projects\ci-news\vendor\codeigniter4\framework\system\Boot.php(67): CodeIgniter\Boot::runCodeIgniter()
#13 C:\Users\Pc\Desktop\Interview projects\ci-news\public\index.php(59): CodeIgniter\Boot::bootWeb()
#14 C:\Users\Pc\Desktop\Interview projects\ci-news\vendor\codeigniter4\framework\system\rewrite.php(44): require_once('...')
#15 {main}

Next CodeIgniter\Database\Exceptions\DatabaseException: Access denied for user '****'@'localhost' (using password: YES) in C:\Users\Pc\Desktop\Interview projects\ci-news\vendor\codeigniter4\framework\system\Database\MySQLi\Connection.php:246
Stack trace:
#0 C:\Users\Pc\Desktop\Interview projects\ci-news\vendor\codeigniter4\framework\system\Database\BaseConnection.php(421): CodeIgniter\Database\MySQLi\Connection->connect()
#1 C:\Users\Pc\Desktop\Interview projects\ci-news\vendor\codeigniter4\framework\system\Database\BaseConnection.php(620): CodeIgniter\Database\BaseConnection->initialize()
#2 C:\Users\Pc\Desktop\Interview projects\ci-news\vendor\codeigniter4\framework\system\Database\BaseBuilder.php(1649): CodeIgniter\Database\BaseConnection->query()
#3 C:\Users\Pc\Desktop\Interview projects\ci-news\vendor\codeigniter4\framework\system\Model.php(286): CodeIgniter\Database\BaseBuilder->get()
#4 C:\Users\Pc\Desktop\Interview projects\ci-news\vendor\codeigniter4\framework\system\BaseModel.php(679): CodeIgniter\Model->doFindAll()
#5 C:\Users\Pc\Desktop\Interview projects\ci-news\app\Models\NewsModel.php(19): CodeIgniter\BaseModel->findAll()
#6 C:\Users\Pc\Desktop\Interview projects\ci-news\app\Controllers\News.php(15): App\Models\NewsModel->getNews()
#7 C:\Users\Pc\Desktop\Interview projects\ci-news\vendor\codeigniter4\framework\system\CodeIgniter.php(933): App\Controllers\News->index()
#8 C:\Users\Pc\Desktop\Interview projects\ci-news\vendor\codeigniter4\framework\system\CodeIgniter.php(507): CodeIgniter\CodeIgniter->runController()
#9 C:\Users\Pc\Desktop\Interview projects\ci-news\vendor\codeigniter4\framework\system\CodeIgniter.php(354): CodeIgniter\CodeIgniter->handleRequest()
#10 C:\Users\Pc\Desktop\Interview projects\ci-news\vendor\codeigniter4\framework\system\Boot.php(334): CodeIgniter\CodeIgniter->run()
#11 C:\Users\Pc\Desktop\Interview projects\ci-news\vendor\codeigniter4\framework\system\Boot.php(67): CodeIgniter\Boot::runCodeIgniter()
#12 C:\Users\Pc\Desktop\Interview projects\ci-news\public\index.php(59): CodeIgniter\Boot::bootWeb()
#13 C:\Users\Pc\Desktop\Interview projects\ci-news\vendor\codeigniter4\framework\system\rewrite.php(44): require_once('...')
#14 {main}
CRITICAL - 2025-05-29 13:00:59 --> CodeIgniter\Database\Exceptions\DatabaseException: Unable to connect to the database.
Main connection [MySQLi]: Access denied for user '****'@'localhost' (using password: YES)
[Method: GET, Route: news]
in SYSTEMPATH\Database\BaseConnection.php on line 467.
 1 SYSTEMPATH\Database\BaseConnection.php(620): CodeIgniter\Database\BaseConnection->initialize()
 2 SYSTEMPATH\Database\BaseBuilder.php(1649): CodeIgniter\Database\BaseConnection->query()
 3 SYSTEMPATH\Model.php(286): CodeIgniter\Database\BaseBuilder->get()
 4 SYSTEMPATH\BaseModel.php(679): CodeIgniter\Model->doFindAll()
 5 APPPATH\Models\NewsModel.php(19): CodeIgniter\BaseModel->findAll()
 6 APPPATH\Controllers\News.php(15): App\Models\NewsModel->getNews()
 7 SYSTEMPATH\CodeIgniter.php(933): App\Controllers\News->index()
 8 SYSTEMPATH\CodeIgniter.php(507): CodeIgniter\CodeIgniter->runController()
 9 SYSTEMPATH\CodeIgniter.php(354): CodeIgniter\CodeIgniter->handleRequest()
10 SYSTEMPATH\Boot.php(334): CodeIgniter\CodeIgniter->run()
11 SYSTEMPATH\Boot.php(67): CodeIgniter\Boot::runCodeIgniter()
12 FCPATH\index.php(59): CodeIgniter\Boot::bootWeb()
13 SYSTEMPATH\rewrite.php(44): require_once('C:\\Users\\Pc\\Desktop\\Interview projects\\ci-news\\public\\index.php')
DEBUG - 2025-05-29 13:20:17 --> Session: Class initialized using 'CodeIgniter\Session\Handlers\FileHandler' driver.
CRITICAL - 2025-05-29 13:52:51 --> Error: Object of class CodeIgniter\Router\RouteCollection could not be converted to string
[Method: CLI, Route: serve]
in APPPATH\Config\Routes.php on line 13.
 1 SYSTEMPATH\Router\RouteCollection.php(339): require()
 2 SYSTEMPATH\CLI\Console.php(41): CodeIgniter\Router\RouteCollection->loadRoutes()
 3 SYSTEMPATH\Boot.php(360): CodeIgniter\CLI\Console->run()
 4 SYSTEMPATH\Boot.php(104): CodeIgniter\Boot::runCommand()
 5 ROOTPATH\spark(87): CodeIgniter\Boot::bootSpark()
CRITICAL - 2025-05-29 13:53:55 --> CodeIgniter\View\Exceptions\ViewException: Invalid file: "template/header.php"
[Method: GET, Route: /]
in SYSTEMPATH\Exceptions\FrameworkException.php on line 39.
 1 SYSTEMPATH\View\View.php(212): CodeIgniter\Exceptions\FrameworkException::forInvalidFile()
 2 SYSTEMPATH\Common.php(1173): CodeIgniter\View\View->render()
 3 APPPATH\Controllers\GuestbookController.php(14): view()
 4 SYSTEMPATH\CodeIgniter.php(933): App\Controllers\GuestbookController->index()
 5 SYSTEMPATH\CodeIgniter.php(507): CodeIgniter\CodeIgniter->runController()
 6 SYSTEMPATH\CodeIgniter.php(354): CodeIgniter\CodeIgniter->handleRequest()
 7 SYSTEMPATH\Boot.php(334): CodeIgniter\CodeIgniter->run()
 8 SYSTEMPATH\Boot.php(67): CodeIgniter\Boot::runCodeIgniter()
 9 FCPATH\index.php(59): CodeIgniter\Boot::bootWeb()
10 SYSTEMPATH\rewrite.php(44): require_once('C:\\Users\\Pc\\Desktop\\Interview projects\\guestbook\\public\\index.php')
CRITICAL - 2025-05-29 13:54:50 --> CodeIgniter\View\Exceptions\ViewException: Invalid file: "template/header.php"
[Method: GET, Route: /]
in SYSTEMPATH\Exceptions\FrameworkException.php on line 39.
 1 SYSTEMPATH\View\View.php(212): CodeIgniter\Exceptions\FrameworkException::forInvalidFile()
 2 SYSTEMPATH\Common.php(1173): CodeIgniter\View\View->render()
 3 APPPATH\Controllers\GuestbookController.php(14): view()
 4 SYSTEMPATH\CodeIgniter.php(933): App\Controllers\GuestbookController->index()
 5 SYSTEMPATH\CodeIgniter.php(507): CodeIgniter\CodeIgniter->runController()
 6 SYSTEMPATH\CodeIgniter.php(354): CodeIgniter\CodeIgniter->handleRequest()
 7 SYSTEMPATH\Boot.php(334): CodeIgniter\CodeIgniter->run()
 8 SYSTEMPATH\Boot.php(67): CodeIgniter\Boot::runCodeIgniter()
 9 FCPATH\index.php(59): CodeIgniter\Boot::bootWeb()
10 SYSTEMPATH\rewrite.php(44): require_once('C:\\Users\\Pc\\Desktop\\Interview projects\\guestbook\\public\\index.php')
DEBUG - 2025-05-29 14:50:07 --> Session: Class initialized using 'CodeIgniter\Session\Handlers\FileHandler' driver.
INFO - 2025-05-29 14:50:59 --> CSRF token verified.
CRITICAL - 2025-05-29 15:02:45 --> Error: Call to a member function orderBy() on array
[Method: GET, Route: /]
in APPPATH\Models\GuestbookModel.php on line 23.
 1 APPPATH\Controllers\GuestbookController.php(13): App\Models\GuestbookModel->getRecords()
 2 SYSTEMPATH\CodeIgniter.php(933): App\Controllers\GuestbookController->index()
 3 SYSTEMPATH\CodeIgniter.php(507): CodeIgniter\CodeIgniter->runController()
 4 SYSTEMPATH\CodeIgniter.php(354): CodeIgniter\CodeIgniter->handleRequest()
 5 SYSTEMPATH\Boot.php(334): CodeIgniter\CodeIgniter->run()
 6 SYSTEMPATH\Boot.php(67): CodeIgniter\Boot::runCodeIgniter()
 7 FCPATH\index.php(59): CodeIgniter\Boot::bootWeb()
 8 SYSTEMPATH\rewrite.php(44): require_once('C:\\Users\\Pc\\Desktop\\Interview projects\\guestbook\\public\\index.php')
CRITICAL - 2025-05-29 15:05:55 --> Error: Call to a member function orderBy() on array
[Method: GET, Route: /]
in APPPATH\Models\GuestbookModel.php on line 23.
 1 APPPATH\Controllers\GuestbookController.php(13): App\Models\GuestbookModel->getRecords()
 2 SYSTEMPATH\CodeIgniter.php(933): App\Controllers\GuestbookController->index()
 3 SYSTEMPATH\CodeIgniter.php(507): CodeIgniter\CodeIgniter->runController()
 4 SYSTEMPATH\CodeIgniter.php(354): CodeIgniter\CodeIgniter->handleRequest()
 5 SYSTEMPATH\Boot.php(334): CodeIgniter\CodeIgniter->run()
 6 SYSTEMPATH\Boot.php(67): CodeIgniter\Boot::runCodeIgniter()
 7 FCPATH\index.php(59): CodeIgniter\Boot::bootWeb()
 8 SYSTEMPATH\rewrite.php(44): require_once('C:\\Users\\Pc\\Desktop\\Interview projects\\guestbook\\public\\index.php')
CRITICAL - 2025-05-29 16:42:32 --> ErrorException: Undefined array key "id"
[Method: GET, Route: edit/2]
in APPPATH\Controllers\GuestbookController.php on line 64.
 1 APPPATH\Controllers\GuestbookController.php(64): CodeIgniter\Debug\Exceptions->errorHandler()
 2 SYSTEMPATH\CodeIgniter.php(933): App\Controllers\GuestbookController->view()
 3 SYSTEMPATH\CodeIgniter.php(507): CodeIgniter\CodeIgniter->runController()
 4 SYSTEMPATH\CodeIgniter.php(354): CodeIgniter\CodeIgniter->handleRequest()
 5 SYSTEMPATH\Boot.php(334): CodeIgniter\CodeIgniter->run()
 6 SYSTEMPATH\Boot.php(67): CodeIgniter\Boot::runCodeIgniter()
 7 FCPATH\index.php(59): CodeIgniter\Boot::bootWeb()
 8 SYSTEMPATH\rewrite.php(44): require_once('C:\\Users\\Pc\\Desktop\\Interview projects\\guestbook\\public\\index.php')
DEBUG - 2025-05-29 16:49:14 --> Session: Class initialized using 'CodeIgniter\Session\Handlers\FileHandler' driver.
CRITICAL - 2025-05-29 16:49:14 --> ErrorException: Undefined variable $data
[Method: GET, Route: edit/2]
in APPPATH\Views\guestbook\view.php on line 10.
 1 APPPATH\Views\guestbook\view.php(10): CodeIgniter\Debug\Exceptions->errorHandler()
 2 SYSTEMPATH\View\View.php(224): include('C:\\Users\\Pc\\Desktop\\Interview projects\\guestbook\\app\\Views\\guestbook\\view.php')
 3 SYSTEMPATH\View\View.php(227): CodeIgniter\View\View->{closure:CodeIgniter\View\View::render():221}()
 4 SYSTEMPATH\Common.php(1173): CodeIgniter\View\View->render()
 5 APPPATH\Controllers\GuestbookController.php(73): view()
 6 SYSTEMPATH\CodeIgniter.php(933): App\Controllers\GuestbookController->view()
 7 SYSTEMPATH\CodeIgniter.php(507): CodeIgniter\CodeIgniter->runController()
 8 SYSTEMPATH\CodeIgniter.php(354): CodeIgniter\CodeIgniter->handleRequest()
 9 SYSTEMPATH\Boot.php(334): CodeIgniter\CodeIgniter->run()
10 SYSTEMPATH\Boot.php(67): CodeIgniter\Boot::runCodeIgniter()
11 FCPATH\index.php(59): CodeIgniter\Boot::bootWeb()
12 SYSTEMPATH\rewrite.php(44): require_once('C:\\Users\\Pc\\Desktop\\Interview projects\\guestbook\\public\\index.php')
DEBUG - 2025-05-29 16:54:53 --> Session: Class initialized using 'CodeIgniter\Session\Handlers\FileHandler' driver.
CRITICAL - 2025-05-29 16:54:53 --> ErrorException: Undefined variable $data
[Method: GET, Route: edit/2]
in APPPATH\Views\guestbook\view.php on line 10.
 1 APPPATH\Views\guestbook\view.php(10): CodeIgniter\Debug\Exceptions->errorHandler()
 2 SYSTEMPATH\View\View.php(224): include('C:\\Users\\Pc\\Desktop\\Interview projects\\guestbook\\app\\Views\\guestbook\\view.php')
 3 SYSTEMPATH\View\View.php(227): CodeIgniter\View\View->{closure:CodeIgniter\View\View::render():221}()
 4 SYSTEMPATH\Common.php(1173): CodeIgniter\View\View->render()
 5 APPPATH\Controllers\GuestbookController.php(70): view()
 6 SYSTEMPATH\CodeIgniter.php(933): App\Controllers\GuestbookController->view()
 7 SYSTEMPATH\CodeIgniter.php(507): CodeIgniter\CodeIgniter->runController()
 8 SYSTEMPATH\CodeIgniter.php(354): CodeIgniter\CodeIgniter->handleRequest()
 9 SYSTEMPATH\Boot.php(334): CodeIgniter\CodeIgniter->run()
10 SYSTEMPATH\Boot.php(67): CodeIgniter\Boot::runCodeIgniter()
11 FCPATH\index.php(59): CodeIgniter\Boot::bootWeb()
12 SYSTEMPATH\rewrite.php(44): require_once('C:\\Users\\Pc\\Desktop\\Interview projects\\guestbook\\public\\index.php')
DEBUG - 2025-05-29 16:54:57 --> Session: Class initialized using 'CodeIgniter\Session\Handlers\FileHandler' driver.
CRITICAL - 2025-05-29 16:54:57 --> ErrorException: Undefined variable $data
[Method: GET, Route: edit/2]
in APPPATH\Views\guestbook\view.php on line 10.
 1 APPPATH\Views\guestbook\view.php(10): CodeIgniter\Debug\Exceptions->errorHandler()
 2 SYSTEMPATH\View\View.php(224): include('C:\\Users\\Pc\\Desktop\\Interview projects\\guestbook\\app\\Views\\guestbook\\view.php')
 3 SYSTEMPATH\View\View.php(227): CodeIgniter\View\View->{closure:CodeIgniter\View\View::render():221}()
 4 SYSTEMPATH\Common.php(1173): CodeIgniter\View\View->render()
 5 APPPATH\Controllers\GuestbookController.php(70): view()
 6 SYSTEMPATH\CodeIgniter.php(933): App\Controllers\GuestbookController->view()
 7 SYSTEMPATH\CodeIgniter.php(507): CodeIgniter\CodeIgniter->runController()
 8 SYSTEMPATH\CodeIgniter.php(354): CodeIgniter\CodeIgniter->handleRequest()
 9 SYSTEMPATH\Boot.php(334): CodeIgniter\CodeIgniter->run()
10 SYSTEMPATH\Boot.php(67): CodeIgniter\Boot::runCodeIgniter()
11 FCPATH\index.php(59): CodeIgniter\Boot::bootWeb()
12 SYSTEMPATH\rewrite.php(44): require_once('C:\\Users\\Pc\\Desktop\\Interview projects\\guestbook\\public\\index.php')
CRITICAL - 2025-05-29 16:59:30 --> Error: Call to undefined method CodeIgniter\HTTP\IncomingRequest::getSegments()
[Method: GET, Route: edit/2]
in APPPATH\Controllers\GuestbookController.php on line 57.
 1 SYSTEMPATH\CodeIgniter.php(933): App\Controllers\GuestbookController->view()
 2 SYSTEMPATH\CodeIgniter.php(507): CodeIgniter\CodeIgniter->runController()
 3 SYSTEMPATH\CodeIgniter.php(354): CodeIgniter\CodeIgniter->handleRequest()
 4 SYSTEMPATH\Boot.php(334): CodeIgniter\CodeIgniter->run()
 5 SYSTEMPATH\Boot.php(67): CodeIgniter\Boot::runCodeIgniter()
 6 FCPATH\index.php(59): CodeIgniter\Boot::bootWeb()
 7 SYSTEMPATH\rewrite.php(44): require_once('C:\\Users\\Pc\\Desktop\\Interview projects\\guestbook\\public\\index.php')
ERROR - 2025-05-29 17:02:39 --> mysqli_sql_exception: You have an error in your SQL syntax; check the manual that corresponds to your MySQL server version for the right syntax to use near ')
 LIMIT 1' at line 3 in C:\Users\Pc\Desktop\Interview projects\guestbook\vendor\codeigniter4\framework\system\Database\MySQLi\Connection.php:327
Stack trace:
#0 C:\Users\Pc\Desktop\Interview projects\guestbook\vendor\codeigniter4\framework\system\Database\MySQLi\Connection.php(327): mysqli->query()
#1 C:\Users\Pc\Desktop\Interview projects\guestbook\vendor\codeigniter4\framework\system\Database\BaseConnection.php(738): CodeIgniter\Database\MySQLi\Connection->execute()
#2 C:\Users\Pc\Desktop\Interview projects\guestbook\vendor\codeigniter4\framework\system\Database\BaseConnection.php(652): CodeIgniter\Database\BaseConnection->simpleQuery()
#3 C:\Users\Pc\Desktop\Interview projects\guestbook\vendor\codeigniter4\framework\system\Database\BaseBuilder.php(1649): CodeIgniter\Database\BaseConnection->query()
#4 C:\Users\Pc\Desktop\Interview projects\guestbook\vendor\codeigniter4\framework\system\Model.php(330): CodeIgniter\Database\BaseBuilder->get()
#5 C:\Users\Pc\Desktop\Interview projects\guestbook\vendor\codeigniter4\framework\system\BaseModel.php(717): CodeIgniter\Model->doFirst()
#6 C:\Users\Pc\Desktop\Interview projects\guestbook\app\Controllers\GuestbookController.php(58): CodeIgniter\BaseModel->first()
#7 C:\Users\Pc\Desktop\Interview projects\guestbook\vendor\codeigniter4\framework\system\CodeIgniter.php(933): App\Controllers\GuestbookController->view()
#8 C:\Users\Pc\Desktop\Interview projects\guestbook\vendor\codeigniter4\framework\system\CodeIgniter.php(507): CodeIgniter\CodeIgniter->runController()
#9 C:\Users\Pc\Desktop\Interview projects\guestbook\vendor\codeigniter4\framework\system\CodeIgniter.php(354): CodeIgniter\CodeIgniter->handleRequest()
#10 C:\Users\Pc\Desktop\Interview projects\guestbook\vendor\codeigniter4\framework\system\Boot.php(334): CodeIgniter\CodeIgniter->run()
#11 C:\Users\Pc\Desktop\Interview projects\guestbook\vendor\codeigniter4\framework\system\Boot.php(67): CodeIgniter\Boot::runCodeIgniter()
#12 C:\Users\Pc\Desktop\Interview projects\guestbook\public\index.php(59): CodeIgniter\Boot::bootWeb()
#13 C:\Users\Pc\Desktop\Interview projects\guestbook\vendor\codeigniter4\framework\system\rewrite.php(44): require_once('...')
#14 {main}
CRITICAL - 2025-05-29 17:02:40 --> CodeIgniter\Database\Exceptions\DatabaseException: You have an error in your SQL syntax; check the manual that corresponds to your MySQL server version for the right syntax to use near ')
 LIMIT 1' at line 3
[Method: GET, Route: edit/2]
in SYSTEMPATH\Database\BaseConnection.php on line 692.
 1 SYSTEMPATH\Database\BaseBuilder.php(1649): CodeIgniter\Database\BaseConnection->query()
 2 SYSTEMPATH\Model.php(330): CodeIgniter\Database\BaseBuilder->get()
 3 SYSTEMPATH\BaseModel.php(717): CodeIgniter\Model->doFirst()
 4 APPPATH\Controllers\GuestbookController.php(58): CodeIgniter\BaseModel->first()
 5 SYSTEMPATH\CodeIgniter.php(933): App\Controllers\GuestbookController->view()
 6 SYSTEMPATH\CodeIgniter.php(507): CodeIgniter\CodeIgniter->runController()
 7 SYSTEMPATH\CodeIgniter.php(354): CodeIgniter\CodeIgniter->handleRequest()
 8 SYSTEMPATH\Boot.php(334): CodeIgniter\CodeIgniter->run()
 9 SYSTEMPATH\Boot.php(67): CodeIgniter\Boot::runCodeIgniter()
10 FCPATH\index.php(59): CodeIgniter\Boot::bootWeb()
11 SYSTEMPATH\rewrite.php(44): require_once('C:\\Users\\Pc\\Desktop\\Interview projects\\guestbook\\public\\index.php')
CRITICAL - 2025-05-29 17:02:40 --> [Caused by] CodeIgniter\Database\Exceptions\DatabaseException: You have an error in your SQL syntax; check the manual that corresponds to your MySQL server version for the right syntax to use near ')
 LIMIT 1' at line 3
in SYSTEMPATH\Database\MySQLi\Connection.php on line 332.
 1 SYSTEMPATH\Database\BaseConnection.php(738): CodeIgniter\Database\MySQLi\Connection->execute()
 2 SYSTEMPATH\Database\BaseConnection.php(652): CodeIgniter\Database\BaseConnection->simpleQuery()
 3 SYSTEMPATH\Database\BaseBuilder.php(1649): CodeIgniter\Database\BaseConnection->query()
 4 SYSTEMPATH\Model.php(330): CodeIgniter\Database\BaseBuilder->get()
 5 SYSTEMPATH\BaseModel.php(717): CodeIgniter\Model->doFirst()
 6 APPPATH\Controllers\GuestbookController.php(58): CodeIgniter\BaseModel->first()
 7 SYSTEMPATH\CodeIgniter.php(933): App\Controllers\GuestbookController->view()
 8 SYSTEMPATH\CodeIgniter.php(507): CodeIgniter\CodeIgniter->runController()
 9 SYSTEMPATH\CodeIgniter.php(354): CodeIgniter\CodeIgniter->handleRequest()
10 SYSTEMPATH\Boot.php(334): CodeIgniter\CodeIgniter->run()
11 SYSTEMPATH\Boot.php(67): CodeIgniter\Boot::runCodeIgniter()
12 FCPATH\index.php(59): CodeIgniter\Boot::bootWeb()
13 SYSTEMPATH\rewrite.php(44): require_once('C:\\Users\\Pc\\Desktop\\Interview projects\\guestbook\\public\\index.php')
CRITICAL - 2025-05-29 17:02:40 --> [Caused by] mysqli_sql_exception: You have an error in your SQL syntax; check the manual that corresponds to your MySQL server version for the right syntax to use near ')
 LIMIT 1' at line 3
in SYSTEMPATH\Database\MySQLi\Connection.php on line 327.
 1 SYSTEMPATH\Database\MySQLi\Connection.php(327): mysqli->query()
 2 SYSTEMPATH\Database\BaseConnection.php(738): CodeIgniter\Database\MySQLi\Connection->execute()
 3 SYSTEMPATH\Database\BaseConnection.php(652): CodeIgniter\Database\BaseConnection->simpleQuery()
 4 SYSTEMPATH\Database\BaseBuilder.php(1649): CodeIgniter\Database\BaseConnection->query()
 5 SYSTEMPATH\Model.php(330): CodeIgniter\Database\BaseBuilder->get()
 6 SYSTEMPATH\BaseModel.php(717): CodeIgniter\Model->doFirst()
 7 APPPATH\Controllers\GuestbookController.php(58): CodeIgniter\BaseModel->first()
 8 SYSTEMPATH\CodeIgniter.php(933): App\Controllers\GuestbookController->view()
 9 SYSTEMPATH\CodeIgniter.php(507): CodeIgniter\CodeIgniter->runController()
10 SYSTEMPATH\CodeIgniter.php(354): CodeIgniter\CodeIgniter->handleRequest()
11 SYSTEMPATH\Boot.php(334): CodeIgniter\CodeIgniter->run()
12 SYSTEMPATH\Boot.php(67): CodeIgniter\Boot::runCodeIgniter()
13 FCPATH\index.php(59): CodeIgniter\Boot::bootWeb()
14 SYSTEMPATH\rewrite.php(44): require_once('C:\\Users\\Pc\\Desktop\\Interview projects\\guestbook\\public\\index.php')
ERROR - 2025-05-29 17:03:35 --> mysqli_sql_exception: You have an error in your SQL syntax; check the manual that corresponds to your MySQL server version for the right syntax to use near ')' at line 3 in C:\Users\Pc\Desktop\Interview projects\guestbook\vendor\codeigniter4\framework\system\Database\MySQLi\Connection.php:327
Stack trace:
#0 C:\Users\Pc\Desktop\Interview projects\guestbook\vendor\codeigniter4\framework\system\Database\MySQLi\Connection.php(327): mysqli->query()
#1 C:\Users\Pc\Desktop\Interview projects\guestbook\vendor\codeigniter4\framework\system\Database\BaseConnection.php(738): CodeIgniter\Database\MySQLi\Connection->execute()
#2 C:\Users\Pc\Desktop\Interview projects\guestbook\vendor\codeigniter4\framework\system\Database\BaseConnection.php(652): CodeIgniter\Database\BaseConnection->simpleQuery()
#3 C:\Users\Pc\Desktop\Interview projects\guestbook\vendor\codeigniter4\framework\system\Database\BaseBuilder.php(1649): CodeIgniter\Database\BaseConnection->query()
#4 C:\Users\Pc\Desktop\Interview projects\guestbook\vendor\codeigniter4\framework\system\Model.php(206): CodeIgniter\Database\BaseBuilder->get()
#5 C:\Users\Pc\Desktop\Interview projects\guestbook\vendor\codeigniter4\framework\system\BaseModel.php(613): CodeIgniter\Model->doFind()
#6 C:\Users\Pc\Desktop\Interview projects\guestbook\app\Controllers\GuestbookController.php(58): CodeIgniter\BaseModel->find()
#7 C:\Users\Pc\Desktop\Interview projects\guestbook\vendor\codeigniter4\framework\system\CodeIgniter.php(933): App\Controllers\GuestbookController->view()
#8 C:\Users\Pc\Desktop\Interview projects\guestbook\vendor\codeigniter4\framework\system\CodeIgniter.php(507): CodeIgniter\CodeIgniter->runController()
#9 C:\Users\Pc\Desktop\Interview projects\guestbook\vendor\codeigniter4\framework\system\CodeIgniter.php(354): CodeIgniter\CodeIgniter->handleRequest()
#10 C:\Users\Pc\Desktop\Interview projects\guestbook\vendor\codeigniter4\framework\system\Boot.php(334): CodeIgniter\CodeIgniter->run()
#11 C:\Users\Pc\Desktop\Interview projects\guestbook\vendor\codeigniter4\framework\system\Boot.php(67): CodeIgniter\Boot::runCodeIgniter()
#12 C:\Users\Pc\Desktop\Interview projects\guestbook\public\index.php(59): CodeIgniter\Boot::bootWeb()
#13 C:\Users\Pc\Desktop\Interview projects\guestbook\vendor\codeigniter4\framework\system\rewrite.php(44): require_once('...')
#14 {main}
CRITICAL - 2025-05-29 17:03:35 --> CodeIgniter\Database\Exceptions\DatabaseException: You have an error in your SQL syntax; check the manual that corresponds to your MySQL server version for the right syntax to use near ')' at line 3
[Method: GET, Route: edit/2]
in SYSTEMPATH\Database\BaseConnection.php on line 692.
 1 SYSTEMPATH\Database\BaseBuilder.php(1649): CodeIgniter\Database\BaseConnection->query()
 2 SYSTEMPATH\Model.php(206): CodeIgniter\Database\BaseBuilder->get()
 3 SYSTEMPATH\BaseModel.php(613): CodeIgniter\Model->doFind()
 4 APPPATH\Controllers\GuestbookController.php(58): CodeIgniter\BaseModel->find()
 5 SYSTEMPATH\CodeIgniter.php(933): App\Controllers\GuestbookController->view()
 6 SYSTEMPATH\CodeIgniter.php(507): CodeIgniter\CodeIgniter->runController()
 7 SYSTEMPATH\CodeIgniter.php(354): CodeIgniter\CodeIgniter->handleRequest()
 8 SYSTEMPATH\Boot.php(334): CodeIgniter\CodeIgniter->run()
 9 SYSTEMPATH\Boot.php(67): CodeIgniter\Boot::runCodeIgniter()
10 FCPATH\index.php(59): CodeIgniter\Boot::bootWeb()
11 SYSTEMPATH\rewrite.php(44): require_once('C:\\Users\\Pc\\Desktop\\Interview projects\\guestbook\\public\\index.php')
CRITICAL - 2025-05-29 17:03:35 --> [Caused by] CodeIgniter\Database\Exceptions\DatabaseException: You have an error in your SQL syntax; check the manual that corresponds to your MySQL server version for the right syntax to use near ')' at line 3
in SYSTEMPATH\Database\MySQLi\Connection.php on line 332.
 1 SYSTEMPATH\Database\BaseConnection.php(738): CodeIgniter\Database\MySQLi\Connection->execute()
 2 SYSTEMPATH\Database\BaseConnection.php(652): CodeIgniter\Database\BaseConnection->simpleQuery()
 3 SYSTEMPATH\Database\BaseBuilder.php(1649): CodeIgniter\Database\BaseConnection->query()
 4 SYSTEMPATH\Model.php(206): CodeIgniter\Database\BaseBuilder->get()
 5 SYSTEMPATH\BaseModel.php(613): CodeIgniter\Model->doFind()
 6 APPPATH\Controllers\GuestbookController.php(58): CodeIgniter\BaseModel->find()
 7 SYSTEMPATH\CodeIgniter.php(933): App\Controllers\GuestbookController->view()
 8 SYSTEMPATH\CodeIgniter.php(507): CodeIgniter\CodeIgniter->runController()
 9 SYSTEMPATH\CodeIgniter.php(354): CodeIgniter\CodeIgniter->handleRequest()
10 SYSTEMPATH\Boot.php(334): CodeIgniter\CodeIgniter->run()
11 SYSTEMPATH\Boot.php(67): CodeIgniter\Boot::runCodeIgniter()
12 FCPATH\index.php(59): CodeIgniter\Boot::bootWeb()
13 SYSTEMPATH\rewrite.php(44): require_once('C:\\Users\\Pc\\Desktop\\Interview projects\\guestbook\\public\\index.php')
CRITICAL - 2025-05-29 17:03:35 --> [Caused by] mysqli_sql_exception: You have an error in your SQL syntax; check the manual that corresponds to your MySQL server version for the right syntax to use near ')' at line 3
in SYSTEMPATH\Database\MySQLi\Connection.php on line 327.
 1 SYSTEMPATH\Database\MySQLi\Connection.php(327): mysqli->query()
 2 SYSTEMPATH\Database\BaseConnection.php(738): CodeIgniter\Database\MySQLi\Connection->execute()
 3 SYSTEMPATH\Database\BaseConnection.php(652): CodeIgniter\Database\BaseConnection->simpleQuery()
 4 SYSTEMPATH\Database\BaseBuilder.php(1649): CodeIgniter\Database\BaseConnection->query()
 5 SYSTEMPATH\Model.php(206): CodeIgniter\Database\BaseBuilder->get()
 6 SYSTEMPATH\BaseModel.php(613): CodeIgniter\Model->doFind()
 7 APPPATH\Controllers\GuestbookController.php(58): CodeIgniter\BaseModel->find()
 8 SYSTEMPATH\CodeIgniter.php(933): App\Controllers\GuestbookController->view()
 9 SYSTEMPATH\CodeIgniter.php(507): CodeIgniter\CodeIgniter->runController()
10 SYSTEMPATH\CodeIgniter.php(354): CodeIgniter\CodeIgniter->handleRequest()
11 SYSTEMPATH\Boot.php(334): CodeIgniter\CodeIgniter->run()
12 SYSTEMPATH\Boot.php(67): CodeIgniter\Boot::runCodeIgniter()
13 FCPATH\index.php(59): CodeIgniter\Boot::bootWeb()
14 SYSTEMPATH\rewrite.php(44): require_once('C:\\Users\\Pc\\Desktop\\Interview projects\\guestbook\\public\\index.php')
ERROR - 2025-05-29 17:05:59 --> mysqli_sql_exception: You have an error in your SQL syntax; check the manual that corresponds to your MySQL server version for the right syntax to use near ')' at line 3 in C:\Users\Pc\Desktop\Interview projects\guestbook\vendor\codeigniter4\framework\system\Database\MySQLi\Connection.php:327
Stack trace:
#0 C:\Users\Pc\Desktop\Interview projects\guestbook\vendor\codeigniter4\framework\system\Database\MySQLi\Connection.php(327): mysqli->query()
#1 C:\Users\Pc\Desktop\Interview projects\guestbook\vendor\codeigniter4\framework\system\Database\BaseConnection.php(738): CodeIgniter\Database\MySQLi\Connection->execute()
#2 C:\Users\Pc\Desktop\Interview projects\guestbook\vendor\codeigniter4\framework\system\Database\BaseConnection.php(652): CodeIgniter\Database\BaseConnection->simpleQuery()
#3 C:\Users\Pc\Desktop\Interview projects\guestbook\vendor\codeigniter4\framework\system\Database\BaseBuilder.php(1649): CodeIgniter\Database\BaseConnection->query()
#4 C:\Users\Pc\Desktop\Interview projects\guestbook\vendor\codeigniter4\framework\system\Model.php(206): CodeIgniter\Database\BaseBuilder->get()
#5 C:\Users\Pc\Desktop\Interview projects\guestbook\vendor\codeigniter4\framework\system\BaseModel.php(613): CodeIgniter\Model->doFind()
#6 C:\Users\Pc\Desktop\Interview projects\guestbook\app\Controllers\GuestbookController.php(58): CodeIgniter\BaseModel->find()
#7 C:\Users\Pc\Desktop\Interview projects\guestbook\vendor\codeigniter4\framework\system\CodeIgniter.php(933): App\Controllers\GuestbookController->view()
#8 C:\Users\Pc\Desktop\Interview projects\guestbook\vendor\codeigniter4\framework\system\CodeIgniter.php(507): CodeIgniter\CodeIgniter->runController()
#9 C:\Users\Pc\Desktop\Interview projects\guestbook\vendor\codeigniter4\framework\system\CodeIgniter.php(354): CodeIgniter\CodeIgniter->handleRequest()
#10 C:\Users\Pc\Desktop\Interview projects\guestbook\vendor\codeigniter4\framework\system\Boot.php(334): CodeIgniter\CodeIgniter->run()
#11 C:\Users\Pc\Desktop\Interview projects\guestbook\vendor\codeigniter4\framework\system\Boot.php(67): CodeIgniter\Boot::runCodeIgniter()
#12 C:\Users\Pc\Desktop\Interview projects\guestbook\public\index.php(59): CodeIgniter\Boot::bootWeb()
#13 C:\Users\Pc\Desktop\Interview projects\guestbook\vendor\codeigniter4\framework\system\rewrite.php(44): require_once('...')
#14 {main}
CRITICAL - 2025-05-29 17:05:59 --> CodeIgniter\Database\Exceptions\DatabaseException: You have an error in your SQL syntax; check the manual that corresponds to your MySQL server version for the right syntax to use near ')' at line 3
[Method: GET, Route: edit/2]
in SYSTEMPATH\Database\BaseConnection.php on line 692.
 1 SYSTEMPATH\Database\BaseBuilder.php(1649): CodeIgniter\Database\BaseConnection->query()
 2 SYSTEMPATH\Model.php(206): CodeIgniter\Database\BaseBuilder->get()
 3 SYSTEMPATH\BaseModel.php(613): CodeIgniter\Model->doFind()
 4 APPPATH\Controllers\GuestbookController.php(58): CodeIgniter\BaseModel->find()
 5 SYSTEMPATH\CodeIgniter.php(933): App\Controllers\GuestbookController->view()
 6 SYSTEMPATH\CodeIgniter.php(507): CodeIgniter\CodeIgniter->runController()
 7 SYSTEMPATH\CodeIgniter.php(354): CodeIgniter\CodeIgniter->handleRequest()
 8 SYSTEMPATH\Boot.php(334): CodeIgniter\CodeIgniter->run()
 9 SYSTEMPATH\Boot.php(67): CodeIgniter\Boot::runCodeIgniter()
10 FCPATH\index.php(59): CodeIgniter\Boot::bootWeb()
11 SYSTEMPATH\rewrite.php(44): require_once('C:\\Users\\Pc\\Desktop\\Interview projects\\guestbook\\public\\index.php')
CRITICAL - 2025-05-29 17:05:59 --> [Caused by] CodeIgniter\Database\Exceptions\DatabaseException: You have an error in your SQL syntax; check the manual that corresponds to your MySQL server version for the right syntax to use near ')' at line 3
in SYSTEMPATH\Database\MySQLi\Connection.php on line 332.
 1 SYSTEMPATH\Database\BaseConnection.php(738): CodeIgniter\Database\MySQLi\Connection->execute()
 2 SYSTEMPATH\Database\BaseConnection.php(652): CodeIgniter\Database\BaseConnection->simpleQuery()
 3 SYSTEMPATH\Database\BaseBuilder.php(1649): CodeIgniter\Database\BaseConnection->query()
 4 SYSTEMPATH\Model.php(206): CodeIgniter\Database\BaseBuilder->get()
 5 SYSTEMPATH\BaseModel.php(613): CodeIgniter\Model->doFind()
 6 APPPATH\Controllers\GuestbookController.php(58): CodeIgniter\BaseModel->find()
 7 SYSTEMPATH\CodeIgniter.php(933): App\Controllers\GuestbookController->view()
 8 SYSTEMPATH\CodeIgniter.php(507): CodeIgniter\CodeIgniter->runController()
 9 SYSTEMPATH\CodeIgniter.php(354): CodeIgniter\CodeIgniter->handleRequest()
10 SYSTEMPATH\Boot.php(334): CodeIgniter\CodeIgniter->run()
11 SYSTEMPATH\Boot.php(67): CodeIgniter\Boot::runCodeIgniter()
12 FCPATH\index.php(59): CodeIgniter\Boot::bootWeb()
13 SYSTEMPATH\rewrite.php(44): require_once('C:\\Users\\Pc\\Desktop\\Interview projects\\guestbook\\public\\index.php')
CRITICAL - 2025-05-29 17:05:59 --> [Caused by] mysqli_sql_exception: You have an error in your SQL syntax; check the manual that corresponds to your MySQL server version for the right syntax to use near ')' at line 3
in SYSTEMPATH\Database\MySQLi\Connection.php on line 327.
 1 SYSTEMPATH\Database\MySQLi\Connection.php(327): mysqli->query()
 2 SYSTEMPATH\Database\BaseConnection.php(738): CodeIgniter\Database\MySQLi\Connection->execute()
 3 SYSTEMPATH\Database\BaseConnection.php(652): CodeIgniter\Database\BaseConnection->simpleQuery()
 4 SYSTEMPATH\Database\BaseBuilder.php(1649): CodeIgniter\Database\BaseConnection->query()
 5 SYSTEMPATH\Model.php(206): CodeIgniter\Database\BaseBuilder->get()
 6 SYSTEMPATH\BaseModel.php(613): CodeIgniter\Model->doFind()
 7 APPPATH\Controllers\GuestbookController.php(58): CodeIgniter\BaseModel->find()
 8 SYSTEMPATH\CodeIgniter.php(933): App\Controllers\GuestbookController->view()
 9 SYSTEMPATH\CodeIgniter.php(507): CodeIgniter\CodeIgniter->runController()
10 SYSTEMPATH\CodeIgniter.php(354): CodeIgniter\CodeIgniter->handleRequest()
11 SYSTEMPATH\Boot.php(334): CodeIgniter\CodeIgniter->run()
12 SYSTEMPATH\Boot.php(67): CodeIgniter\Boot::runCodeIgniter()
13 FCPATH\index.php(59): CodeIgniter\Boot::bootWeb()
14 SYSTEMPATH\rewrite.php(44): require_once('C:\\Users\\Pc\\Desktop\\Interview projects\\guestbook\\public\\index.php')
ERROR - 2025-05-29 17:06:08 --> mysqli_sql_exception: You have an error in your SQL syntax; check the manual that corresponds to your MySQL server version for the right syntax to use near ')' at line 3 in C:\Users\Pc\Desktop\Interview projects\guestbook\vendor\codeigniter4\framework\system\Database\MySQLi\Connection.php:327
Stack trace:
#0 C:\Users\Pc\Desktop\Interview projects\guestbook\vendor\codeigniter4\framework\system\Database\MySQLi\Connection.php(327): mysqli->query()
#1 C:\Users\Pc\Desktop\Interview projects\guestbook\vendor\codeigniter4\framework\system\Database\BaseConnection.php(738): CodeIgniter\Database\MySQLi\Connection->execute()
#2 C:\Users\Pc\Desktop\Interview projects\guestbook\vendor\codeigniter4\framework\system\Database\BaseConnection.php(652): CodeIgniter\Database\BaseConnection->simpleQuery()
#3 C:\Users\Pc\Desktop\Interview projects\guestbook\vendor\codeigniter4\framework\system\Database\BaseBuilder.php(1649): CodeIgniter\Database\BaseConnection->query()
#4 C:\Users\Pc\Desktop\Interview projects\guestbook\vendor\codeigniter4\framework\system\Model.php(206): CodeIgniter\Database\BaseBuilder->get()
#5 C:\Users\Pc\Desktop\Interview projects\guestbook\vendor\codeigniter4\framework\system\BaseModel.php(613): CodeIgniter\Model->doFind()
#6 C:\Users\Pc\Desktop\Interview projects\guestbook\app\Controllers\GuestbookController.php(58): CodeIgniter\BaseModel->find()
#7 C:\Users\Pc\Desktop\Interview projects\guestbook\vendor\codeigniter4\framework\system\CodeIgniter.php(933): App\Controllers\GuestbookController->view()
#8 C:\Users\Pc\Desktop\Interview projects\guestbook\vendor\codeigniter4\framework\system\CodeIgniter.php(507): CodeIgniter\CodeIgniter->runController()
#9 C:\Users\Pc\Desktop\Interview projects\guestbook\vendor\codeigniter4\framework\system\CodeIgniter.php(354): CodeIgniter\CodeIgniter->handleRequest()
#10 C:\Users\Pc\Desktop\Interview projects\guestbook\vendor\codeigniter4\framework\system\Boot.php(334): CodeIgniter\CodeIgniter->run()
#11 C:\Users\Pc\Desktop\Interview projects\guestbook\vendor\codeigniter4\framework\system\Boot.php(67): CodeIgniter\Boot::runCodeIgniter()
#12 C:\Users\Pc\Desktop\Interview projects\guestbook\public\index.php(59): CodeIgniter\Boot::bootWeb()
#13 C:\Users\Pc\Desktop\Interview projects\guestbook\vendor\codeigniter4\framework\system\rewrite.php(44): require_once('...')
#14 {main}
CRITICAL - 2025-05-29 17:06:08 --> CodeIgniter\Database\Exceptions\DatabaseException: You have an error in your SQL syntax; check the manual that corresponds to your MySQL server version for the right syntax to use near ')' at line 3
[Method: GET, Route: edit/2]
in SYSTEMPATH\Database\BaseConnection.php on line 692.
 1 SYSTEMPATH\Database\BaseBuilder.php(1649): CodeIgniter\Database\BaseConnection->query()
 2 SYSTEMPATH\Model.php(206): CodeIgniter\Database\BaseBuilder->get()
 3 SYSTEMPATH\BaseModel.php(613): CodeIgniter\Model->doFind()
 4 APPPATH\Controllers\GuestbookController.php(58): CodeIgniter\BaseModel->find()
 5 SYSTEMPATH\CodeIgniter.php(933): App\Controllers\GuestbookController->view()
 6 SYSTEMPATH\CodeIgniter.php(507): CodeIgniter\CodeIgniter->runController()
 7 SYSTEMPATH\CodeIgniter.php(354): CodeIgniter\CodeIgniter->handleRequest()
 8 SYSTEMPATH\Boot.php(334): CodeIgniter\CodeIgniter->run()
 9 SYSTEMPATH\Boot.php(67): CodeIgniter\Boot::runCodeIgniter()
10 FCPATH\index.php(59): CodeIgniter\Boot::bootWeb()
11 SYSTEMPATH\rewrite.php(44): require_once('C:\\Users\\Pc\\Desktop\\Interview projects\\guestbook\\public\\index.php')
CRITICAL - 2025-05-29 17:06:08 --> [Caused by] CodeIgniter\Database\Exceptions\DatabaseException: You have an error in your SQL syntax; check the manual that corresponds to your MySQL server version for the right syntax to use near ')' at line 3
in SYSTEMPATH\Database\MySQLi\Connection.php on line 332.
 1 SYSTEMPATH\Database\BaseConnection.php(738): CodeIgniter\Database\MySQLi\Connection->execute()
 2 SYSTEMPATH\Database\BaseConnection.php(652): CodeIgniter\Database\BaseConnection->simpleQuery()
 3 SYSTEMPATH\Database\BaseBuilder.php(1649): CodeIgniter\Database\BaseConnection->query()
 4 SYSTEMPATH\Model.php(206): CodeIgniter\Database\BaseBuilder->get()
 5 SYSTEMPATH\BaseModel.php(613): CodeIgniter\Model->doFind()
 6 APPPATH\Controllers\GuestbookController.php(58): CodeIgniter\BaseModel->find()
 7 SYSTEMPATH\CodeIgniter.php(933): App\Controllers\GuestbookController->view()
 8 SYSTEMPATH\CodeIgniter.php(507): CodeIgniter\CodeIgniter->runController()
 9 SYSTEMPATH\CodeIgniter.php(354): CodeIgniter\CodeIgniter->handleRequest()
10 SYSTEMPATH\Boot.php(334): CodeIgniter\CodeIgniter->run()
11 SYSTEMPATH\Boot.php(67): CodeIgniter\Boot::runCodeIgniter()
12 FCPATH\index.php(59): CodeIgniter\Boot::bootWeb()
13 SYSTEMPATH\rewrite.php(44): require_once('C:\\Users\\Pc\\Desktop\\Interview projects\\guestbook\\public\\index.php')
CRITICAL - 2025-05-29 17:06:08 --> [Caused by] mysqli_sql_exception: You have an error in your SQL syntax; check the manual that corresponds to your MySQL server version for the right syntax to use near ')' at line 3
in SYSTEMPATH\Database\MySQLi\Connection.php on line 327.
 1 SYSTEMPATH\Database\MySQLi\Connection.php(327): mysqli->query()
 2 SYSTEMPATH\Database\BaseConnection.php(738): CodeIgniter\Database\MySQLi\Connection->execute()
 3 SYSTEMPATH\Database\BaseConnection.php(652): CodeIgniter\Database\BaseConnection->simpleQuery()
 4 SYSTEMPATH\Database\BaseBuilder.php(1649): CodeIgniter\Database\BaseConnection->query()
 5 SYSTEMPATH\Model.php(206): CodeIgniter\Database\BaseBuilder->get()
 6 SYSTEMPATH\BaseModel.php(613): CodeIgniter\Model->doFind()
 7 APPPATH\Controllers\GuestbookController.php(58): CodeIgniter\BaseModel->find()
 8 SYSTEMPATH\CodeIgniter.php(933): App\Controllers\GuestbookController->view()
 9 SYSTEMPATH\CodeIgniter.php(507): CodeIgniter\CodeIgniter->runController()
10 SYSTEMPATH\CodeIgniter.php(354): CodeIgniter\CodeIgniter->handleRequest()
11 SYSTEMPATH\Boot.php(334): CodeIgniter\CodeIgniter->run()
12 SYSTEMPATH\Boot.php(67): CodeIgniter\Boot::runCodeIgniter()
13 FCPATH\index.php(59): CodeIgniter\Boot::bootWeb()
14 SYSTEMPATH\rewrite.php(44): require_once('C:\\Users\\Pc\\Desktop\\Interview projects\\guestbook\\public\\index.php')
DEBUG - 2025-05-29 17:06:50 --> Session: Class initialized using 'CodeIgniter\Session\Handlers\FileHandler' driver.
CRITICAL - 2025-05-29 17:06:50 --> ErrorException: Undefined variable $data
[Method: GET, Route: edit/2]
in APPPATH\Views\guestbook\view.php on line 10.
 1 APPPATH\Views\guestbook\view.php(10): CodeIgniter\Debug\Exceptions->errorHandler()
 2 SYSTEMPATH\View\View.php(224): include('C:\\Users\\Pc\\Desktop\\Interview projects\\guestbook\\app\\Views\\guestbook\\view.php')
 3 SYSTEMPATH\View\View.php(227): CodeIgniter\View\View->{closure:CodeIgniter\View\View::render():221}()
 4 SYSTEMPATH\Common.php(1173): CodeIgniter\View\View->render()
 5 APPPATH\Controllers\GuestbookController.php(63): view()
 6 SYSTEMPATH\CodeIgniter.php(933): App\Controllers\GuestbookController->view()
 7 SYSTEMPATH\CodeIgniter.php(507): CodeIgniter\CodeIgniter->runController()
 8 SYSTEMPATH\CodeIgniter.php(354): CodeIgniter\CodeIgniter->handleRequest()
 9 SYSTEMPATH\Boot.php(334): CodeIgniter\CodeIgniter->run()
10 SYSTEMPATH\Boot.php(67): CodeIgniter\Boot::runCodeIgniter()
11 FCPATH\index.php(59): CodeIgniter\Boot::bootWeb()
12 SYSTEMPATH\rewrite.php(44): require_once('C:\\Users\\Pc\\Desktop\\Interview projects\\guestbook\\public\\index.php')
DEBUG - 2025-05-29 17:17:58 --> Session: Class initialized using 'CodeIgniter\Session\Handlers\FileHandler' driver.
CRITICAL - 2025-05-29 17:17:58 --> ErrorException: Undefined variable $data
[Method: GET, Route: edit/2]
in APPPATH\Views\guestbook\view.php on line 10.
 1 APPPATH\Views\guestbook\view.php(10): CodeIgniter\Debug\Exceptions->errorHandler()
 2 SYSTEMPATH\View\View.php(224): include('C:\\Users\\Pc\\Desktop\\Interview projects\\guestbook\\app\\Views\\guestbook\\view.php')
 3 SYSTEMPATH\View\View.php(227): CodeIgniter\View\View->{closure:CodeIgniter\View\View::render():221}()
 4 SYSTEMPATH\Common.php(1173): CodeIgniter\View\View->render()
 5 APPPATH\Controllers\GuestbookController.php(66): view()
 6 SYSTEMPATH\CodeIgniter.php(933): App\Controllers\GuestbookController->view()
 7 SYSTEMPATH\CodeIgniter.php(507): CodeIgniter\CodeIgniter->runController()
 8 SYSTEMPATH\CodeIgniter.php(354): CodeIgniter\CodeIgniter->handleRequest()
 9 SYSTEMPATH\Boot.php(334): CodeIgniter\CodeIgniter->run()
10 SYSTEMPATH\Boot.php(67): CodeIgniter\Boot::runCodeIgniter()
11 FCPATH\index.php(59): CodeIgniter\Boot::bootWeb()
12 SYSTEMPATH\rewrite.php(44): require_once('C:\\Users\\Pc\\Desktop\\Interview projects\\guestbook\\public\\index.php')
CRITICAL - 2025-05-29 17:22:55 --> ErrorException: Undefined variable $title
[Method: GET, Route: edit/2]
in APPPATH\Views\guestbook\view.php on line 1.
 1 APPPATH\Views\guestbook\view.php(1): CodeIgniter\Debug\Exceptions->errorHandler()
 2 SYSTEMPATH\View\View.php(224): include('C:\\Users\\Pc\\Desktop\\Interview projects\\guestbook\\app\\Views\\guestbook\\view.php')
 3 SYSTEMPATH\View\View.php(227): CodeIgniter\View\View->{closure:CodeIgniter\View\View::render():221}()
 4 SYSTEMPATH\Common.php(1173): CodeIgniter\View\View->render()
 5 APPPATH\Controllers\GuestbookController.php(60): view()
 6 SYSTEMPATH\CodeIgniter.php(933): App\Controllers\GuestbookController->view()
 7 SYSTEMPATH\CodeIgniter.php(507): CodeIgniter\CodeIgniter->runController()
 8 SYSTEMPATH\CodeIgniter.php(354): CodeIgniter\CodeIgniter->handleRequest()
 9 SYSTEMPATH\Boot.php(334): CodeIgniter\CodeIgniter->run()
10 SYSTEMPATH\Boot.php(67): CodeIgniter\Boot::runCodeIgniter()
11 FCPATH\index.php(59): CodeIgniter\Boot::bootWeb()
12 SYSTEMPATH\rewrite.php(44): require_once('C:\\Users\\Pc\\Desktop\\Interview projects\\guestbook\\public\\index.php')
DEBUG - 2025-05-29 17:23:28 --> Session: Class initialized using 'CodeIgniter\Session\Handlers\FileHandler' driver.
CRITICAL - 2025-05-29 17:23:28 --> ErrorException: Undefined array key "guestName"
[Method: GET, Route: edit/2]
in APPPATH\Views\guestbook\view.php on line 10.
 1 APPPATH\Views\guestbook\view.php(10): CodeIgniter\Debug\Exceptions->errorHandler()
 2 SYSTEMPATH\View\View.php(224): include('C:\\Users\\Pc\\Desktop\\Interview projects\\guestbook\\app\\Views\\guestbook\\view.php')
 3 SYSTEMPATH\View\View.php(227): CodeIgniter\View\View->{closure:CodeIgniter\View\View::render():221}()
 4 SYSTEMPATH\Common.php(1173): CodeIgniter\View\View->render()
 5 APPPATH\Controllers\GuestbookController.php(60): view()
 6 SYSTEMPATH\CodeIgniter.php(933): App\Controllers\GuestbookController->view()
 7 SYSTEMPATH\CodeIgniter.php(507): CodeIgniter\CodeIgniter->runController()
 8 SYSTEMPATH\CodeIgniter.php(354): CodeIgniter\CodeIgniter->handleRequest()
 9 SYSTEMPATH\Boot.php(334): CodeIgniter\CodeIgniter->run()
10 SYSTEMPATH\Boot.php(67): CodeIgniter\Boot::runCodeIgniter()
11 FCPATH\index.php(59): CodeIgniter\Boot::bootWeb()
12 SYSTEMPATH\rewrite.php(44): require_once('C:\\Users\\Pc\\Desktop\\Interview projects\\guestbook\\public\\index.php')
DEBUG - 2025-05-29 17:26:06 --> Session: Class initialized using 'CodeIgniter\Session\Handlers\FileHandler' driver.
DEBUG - 2025-05-29 17:26:21 --> Session: Class initialized using 'CodeIgniter\Session\Handlers\FileHandler' driver.
DEBUG - 2025-05-29 17:27:38 --> Session: Class initialized using 'CodeIgniter\Session\Handlers\FileHandler' driver.
DEBUG - 2025-05-29 17:29:59 --> Session: Class initialized using 'CodeIgniter\Session\Handlers\FileHandler' driver.
INFO - 2025-05-29 17:30:04 --> CSRF token verified.
DEBUG - 2025-05-29 17:36:19 --> Session: Class initialized using 'CodeIgniter\Session\Handlers\FileHandler' driver.
INFO - 2025-05-29 17:36:27 --> CSRF token verified.
DEBUG - 2025-05-29 17:37:43 --> Session: Class initialized using 'CodeIgniter\Session\Handlers\FileHandler' driver.
INFO - 2025-05-29 17:37:53 --> CSRF token verified.
DEBUG - 2025-05-29 17:38:00 --> Session: Class initialized using 'CodeIgniter\Session\Handlers\FileHandler' driver.
DEBUG - 2025-05-29 17:44:08 --> Session: Class initialized using 'CodeIgniter\Session\Handlers\FileHandler' driver.
INFO - 2025-05-29 17:44:20 --> CSRF token verified.
DEBUG - 2025-05-29 17:52:29 --> Session: Class initialized using 'CodeIgniter\Session\Handlers\FileHandler' driver.
DEBUG - 2025-05-29 17:52:38 --> Session: Class initialized using 'CodeIgniter\Session\Handlers\FileHandler' driver.
DEBUG - 2025-05-29 17:53:36 --> Session: Class initialized using 'CodeIgniter\Session\Handlers\FileHandler' driver.
INFO - 2025-05-29 17:53:52 --> CSRF token verified.
DEBUG - 2025-05-29 17:54:37 --> Session: Class initialized using 'CodeIgniter\Session\Handlers\FileHandler' driver.
INFO - 2025-05-29 17:54:43 --> CSRF token verified.
DEBUG - 2025-05-29 18:52:01 --> Session: Class initialized using 'CodeIgniter\Session\Handlers\FileHandler' driver.
DEBUG - 2025-05-29 18:59:15 --> Session: Class initialized using 'CodeIgniter\Session\Handlers\FileHandler' driver.
DEBUG - 2025-05-29 19:02:18 --> Session: Class initialized using 'CodeIgniter\Session\Handlers\FileHandler' driver.
DEBUG - 2025-05-29 19:14:59 --> Session: Class initialized using 'CodeIgniter\Session\Handlers\FileHandler' driver.
DEBUG - 2025-05-29 19:15:00 --> Session: Class initialized using 'CodeIgniter\Session\Handlers\FileHandler' driver.
DEBUG - 2025-05-29 19:15:01 --> Session: Class initialized using 'CodeIgniter\Session\Handlers\FileHandler' driver.
DEBUG - 2025-05-29 19:15:07 --> Session: Class initialized using 'CodeIgniter\Session\Handlers\FileHandler' driver.
DEBUG - 2025-05-29 19:15:22 --> Session: Class initialized using 'CodeIgniter\Session\Handlers\FileHandler' driver.
DEBUG - 2025-05-29 19:15:55 --> Session: Class initialized using 'CodeIgniter\Session\Handlers\FileHandler' driver.
DEBUG - 2025-05-29 19:15:55 --> Session: Class initialized using 'CodeIgniter\Session\Handlers\FileHandler' driver.
DEBUG - 2025-05-29 19:16:14 --> Session: Class initialized using 'CodeIgniter\Session\Handlers\FileHandler' driver.
DEBUG - 2025-05-29 19:17:38 --> Session: Class initialized using 'CodeIgniter\Session\Handlers\FileHandler' driver.
DEBUG - 2025-05-29 19:17:52 --> Session: Class initialized using 'CodeIgniter\Session\Handlers\FileHandler' driver.
DEBUG - 2025-05-29 19:18:04 --> Session: Class initialized using 'CodeIgniter\Session\Handlers\FileHandler' driver.
DEBUG - 2025-05-29 19:18:27 --> Session: Class initialized using 'CodeIgniter\Session\Handlers\FileHandler' driver.
DEBUG - 2025-05-29 19:18:46 --> Session: Class initialized using 'CodeIgniter\Session\Handlers\FileHandler' driver.
DEBUG - 2025-05-29 19:19:07 --> Session: Class initialized using 'CodeIgniter\Session\Handlers\FileHandler' driver.
DEBUG - 2025-05-29 19:19:15 --> Session: Class initialized using 'CodeIgniter\Session\Handlers\FileHandler' driver.
DEBUG - 2025-05-29 19:20:25 --> Session: Class initialized using 'CodeIgniter\Session\Handlers\FileHandler' driver.
